<?xml version="1.0" encoding="UTF-8"?>
<!-- Generated by org.testng.reporters.JUnitReportReporter -->
<testsuite hostname="SPARTAN_WEB" name="MySqlReadData" tests="1" failures="0" timestamp="30 Apr 2016 11:30:18 GMT" time="2.531" errors="0">
  <testcase name="printTableData" time="2.531" classname="MySqlReadData"/>
</testsuite> <!-- MySqlReadData -->
